<?xml version="1.0" encoding="UTF-8"?>
<!-- Generated by org.testng.reporters.JUnitReportReporter -->
<testsuite skipped="0" hostname="vebbler-10" name="sumOfproducts" tests="1" failures="0" timestamp="2020-07-08T23:24:51 IST" time="3.049" errors="0">
  <testcase name="productPrice" time="3.049" classname="sumOfproducts"/>
  <system-out/>
</testsuite> <!-- sumOfproducts -->
