<?xml version="1.0" encoding="UTF-8"?>
<!-- Generated by org.testng.reporters.JUnitReportReporter -->
<testsuite skipped="0" hostname="vebbler-10" name="files.DynamicJson" tests="3" failures="0" timestamp="2020-07-19T00:35:18 IST" time="11.216" errors="0">
  <testcase name="addBook" time="0.271" classname="files.DynamicJson"/>
  <system-out/>
  <testcase name="addBook" time="10.616" classname="files.DynamicJson"/>
  <system-out/>
  <testcase name="addBook" time="0.329" classname="files.DynamicJson"/>
  <system-out/>
</testsuite> <!-- files.DynamicJson -->
